<?xml version="1.0" encoding="UTF-8"?>
<!-- Generated by org.testng.reporters.JUnitReportReporter -->
<testsuite hostname="DESKTOP-4II7HOP" failures="0" tests="1" name="AssertionPACK.assertionclass" time="29.332" errors="0" timestamp="2023-11-08T11:20:31 IST" skipped="0">
  <testcase classname="AssertionPACK.assertionclass" name="testScripts" time="29.332"/>
  <system-out/>
</testsuite> <!-- AssertionPACK.assertionclass -->
